<?xml version="1.0" encoding="UTF-8"?>
<!-- Generated by org.testng.reporters.JUnitReportReporter -->
<testsuite skipped="0" hostname="LAPTOP-D4CHRHHN" name="myproject.test.TestData" tests="4" failures="0" timestamp="2021-05-26T17:11:29 IST" time="0.004" errors="0">
  <testcase name="testCaseMethod" time="0.001" classname="myproject.test.TestData"/>
  <system-out/>
  <testcase name="testCaseMethod" time="0.001" classname="myproject.test.TestData"/>
  <system-out/>
  <testcase name="testCaseMethod" time="0.000" classname="myproject.test.TestData"/>
  <system-out/>
  <testcase name="testCaseMethod" time="0.002" classname="myproject.test.TestData"/>
  <system-out/>
</testsuite> <!-- myproject.test.TestData -->
