<?xml version="1.0" encoding="UTF-8"?>
<!-- Generated by org.testng.reporters.JUnitReportReporter -->
<testsuite skipped="0" hostname="LAPTOP-D4CHRHHN" name="myproject.test.TestCase" tests="4" failures="0" timestamp="2021-05-27T09:52:06 IST" time="22.519" errors="0">
  <testcase name="testCaseMethod" time="7.342" classname="myproject.test.TestCase"/>
  <system-out/>
  <testcase name="testCaseMethod" time="6.282" classname="myproject.test.TestCase"/>
  <system-out/>
  <testcase name="testCaseMethod" time="3.639" classname="myproject.test.TestCase"/>
  <system-out/>
  <testcase name="testCaseMethod" time="5.256" classname="myproject.test.TestCase"/>
  <system-out/>
</testsuite> <!-- myproject.test.TestCase -->
